<?xml version="1.0" encoding="UTF-8"?>
<testsuite name="GameTest" tests="1" skipped="0" failures="0" errors="0" timestamp="2021-03-04T14:12:04" hostname="DESKTOP-LJ7ECDC" time="0.04">
  <properties/>
  <testcase name="chooseCard_2()" classname="GameTest" time="0.04"/>
  <system-out><![CDATA[Dealer info
Card{mark='D', num=10}
Card{mark='S', num=10}
# of Cards: 2
score: 20

Gamer info
Card{mark='S', num=10}
Card{mark='D', num=5}
# of Cards: 2
score: 15

]]></system-out>
  <system-err><![CDATA[]]></system-err>
</testsuite>
